SF:lib/core/error/failures.dart
DA:4,2
DA:6,1
DA:7,1
LF:3
LH:3
end_of_record
SF:lib/features/number_trivia/data/models/number_trivia_model.dart
DA:4,1
DA:5,0
DA:7,0
DA:8,0
DA:9,0
DA:10,0
DA:14,0
DA:15,0
DA:16,0
DA:17,0
LF:10
LH:1
end_of_record
SF:lib/features/number_trivia/data/repositories/number_trivia_repository_impl.dart
DA:15,1
DA:22,1
DA:24,3
DA:27,3
DA:28,2
DA:29,1
DA:30,1
DA:31,2
DA:34,3
DA:35,1
DA:39,0
DA:42,0
LF:12
LH:10
end_of_record
SF:lib/features/number_trivia/domain/entities/number_trivia.dart
DA:7,1
DA:9,0
DA:10,0
LF:3
LH:1
end_of_record
SF:lib/core/usecases/usecase.dart
DA:11,0
DA:12,0
DA:14,0
LF:3
LH:0
end_of_record
SF:lib/features/number_trivia/domain/usecases/get_concrete_number_trivia.dart
DA:11,0
DA:14,0
DA:15,0
DA:22,0
DA:24,0
DA:25,0
LF:6
LH:0
end_of_record
